SmartGlovesApp11/app/build/intermediates/manifest_merge_blame_file/debug/manifest-merger-blame-debug-report.txt
1<?xml version="1.0" encoding="utf-8"?>
2<manifest xmlns:android="http://schemas.android.com/apk/res/android"
3    package="com.garda.smartglovesapp1"
4    android:versionCode="1"
5    android:versionName="1.0" >
6
7    <uses-sdk
8        android:minSdkVersion="21"
8-->src\main\AndroidManifest.xml
9        android:targetSdkVersion="30" />
9-->src\main\AndroidManifest.xml
10    <!--
11         The ACCESS_COARSE/FINE_LOCATION permissions are not required to use
12         Google Maps Android API v2, but you must specify either coarse or fine
13         location permissions for the "MyLocation" functionality.
14    -->
15    <uses-permission android:name="android.permission.ACCESS_FINE_LOCATION" />
15-->src\main\AndroidManifest.xml:9:5-79
15-->src\main\AndroidManifest.xml:9:22-76
16    <uses-permission android:name="android.permission.ACCESS_COARSE_LOCATION" />
16-->src\main\AndroidManifest.xml:10:5-81
16-->src\main\AndroidManifest.xml:10:22-78
17    <uses-permission android:name="android.permission.READ_EXTERNAL_STORAGE" />
17-->src\main\AndroidManifest.xml:11:5-79
17-->src\main\AndroidManifest.xml:11:22-77
18    <uses-permission android:name="android.permission.BLUETOOTH" />
18-->src\main\AndroidManifest.xml:12:5-67
18-->src\main\AndroidManifest.xml:12:22-65
19    <uses-permission android:name="android.permission.BLUETOOTH_ADMIN" />
19-->src\main\AndroidManifest.xml:13:5-73
19-->src\main\AndroidManifest.xml:13:22-71
20
21    <!-- Include required permissions for Google Maps API to run. -->
22    <uses-permission android:name="android.permission.ACCESS_NETWORK_STATE" />
22-->[com.google.android.gms:play-services-maps:17.0.1] AndroidManifest.xml:23:5-79
22-->[com.google.android.gms:play-services-maps:17.0.1] AndroidManifest.xml:23:22-76
23    <uses-permission android:name="android.permission.INTERNET" />
23-->[com.google.android.gms:play-services-maps:17.0.1] AndroidManifest.xml:24:5-67
23-->[com.google.android.gms:play-services-maps:17.0.1] AndroidManifest.xml:24:22-64
24
25    <uses-feature
25-->[com.google.android.gms:play-services-maps:17.0.1] AndroidManifest.xml:26:5-28:35
26        android:glEsVersion="0x00020000"
26-->[com.google.android.gms:play-services-maps:17.0.1] AndroidManifest.xml:27:9-41
27        android:required="true" />
27-->[com.google.android.gms:play-services-maps:17.0.1] AndroidManifest.xml:28:9-32
28
29    <queries>
29-->[com.google.android.gms:play-services-maps:17.0.1] AndroidManifest.xml:30:5-34:15
30
31        <!-- Needs to be explicitly declared on Android R+ -->
32        <package android:name="com.google.android.apps.maps" />
32-->[com.google.android.gms:play-services-maps:17.0.1] AndroidManifest.xml:33:9-64
32-->[com.google.android.gms:play-services-maps:17.0.1] AndroidManifest.xml:33:18-61
33    </queries>
34
35    <application
35-->src\main\AndroidManifest.xml:15:5-47:19
36        android:allowBackup="true"
36-->src\main\AndroidManifest.xml:16:9-35
37        android:appComponentFactory="androidx.core.app.CoreComponentFactory"
37-->[androidx.core:core:1.6.0] AndroidManifest.xml:24:18-86
38        android:debuggable="true"
39        android:icon="@drawable/ic_glove"
39-->src\main\AndroidManifest.xml:17:9-42
40        android:label="@string/app_name"
40-->src\main\AndroidManifest.xml:18:9-41
41        android:roundIcon="@mipmap/ic_launcher_round"
41-->src\main\AndroidManifest.xml:19:9-54
42        android:supportsRtl="true"
42-->src\main\AndroidManifest.xml:20:9-35
43        android:testOnly="true"
44        android:theme="@style/Theme.SmartGlovesApp1" >
44-->src\main\AndroidManifest.xml:21:9-53
45        <activity android:name="com.garda.smartglovesapp1.profile.ProfileImgActivity" />
45-->src\main\AndroidManifest.xml:22:9-73
45-->src\main\AndroidManifest.xml:22:19-61
46        <activity android:name="com.garda.smartglovesapp1.login.register.RegisterActivity" />
46-->src\main\AndroidManifest.xml:23:9-69
46-->src\main\AndroidManifest.xml:23:19-66
47        <!--
48             The API key for Google Maps-based APIs is defined as a string resource.
49             (See the file "res/values/google_maps_api.xml").
50             Note that the API key is linked to the encryption key used to sign the APK.
51             You need a different API key for each encryption key, including the release key that is used to
52             sign the APK for publishing.
53             You can define the keys for the debug and release targets in src/debug/ and src/release/.
54        -->
55        <meta-data
55-->src\main\AndroidManifest.xml:32:9-34:55
56            android:name="com.google.android.geo.API_KEY"
56-->src\main\AndroidManifest.xml:33:13-58
57            android:value="@string/google_maps_key" />
57-->src\main\AndroidManifest.xml:34:13-52
58
59        <activity
59-->src\main\AndroidManifest.xml:36:9-38:59
60            android:name="com.garda.smartglovesapp1.MapsActivity"
60-->src\main\AndroidManifest.xml:37:13-41
61            android:label="@string/title_activity_maps" />
61-->src\main\AndroidManifest.xml:38:13-56
62        <activity android:name="com.garda.smartglovesapp1.login.LoginActivity" >
62-->src\main\AndroidManifest.xml:39:9-45:20
62-->src\main\AndroidManifest.xml:39:19-54
63            <intent-filter>
63-->src\main\AndroidManifest.xml:40:13-44:29
64                <action android:name="android.intent.action.MAIN" />
64-->src\main\AndroidManifest.xml:41:17-69
64-->src\main\AndroidManifest.xml:41:25-66
65
66                <category android:name="android.intent.category.LAUNCHER" />
66-->src\main\AndroidManifest.xml:43:17-77
66-->src\main\AndroidManifest.xml:43:27-74
67            </intent-filter>
68        </activity>
69        <activity android:name="com.garda.smartglovesapp1.home.HomeActivity" />
69-->src\main\AndroidManifest.xml:46:9-55
69-->src\main\AndroidManifest.xml:46:19-52
70        <!-- Needs to be explicitly declared on P+ -->
71        <uses-library
71-->[com.google.android.gms:play-services-maps:17.0.1] AndroidManifest.xml:39:9-41:40
72            android:name="org.apache.http.legacy"
72-->[com.google.android.gms:play-services-maps:17.0.1] AndroidManifest.xml:40:13-50
73            android:required="false" />
73-->[com.google.android.gms:play-services-maps:17.0.1] AndroidManifest.xml:41:13-37
74
75        <activity
75-->[com.google.android.gms:play-services-base:17.0.0] AndroidManifest.xml:23:9-26:75
76            android:name="com.google.android.gms.common.api.GoogleApiActivity"
76-->[com.google.android.gms:play-services-base:17.0.0] AndroidManifest.xml:24:13-79
77            android:exported="false"
77-->[com.google.android.gms:play-services-base:17.0.0] AndroidManifest.xml:25:13-37
78            android:theme="@android:style/Theme.Translucent.NoTitleBar" />
78-->[com.google.android.gms:play-services-base:17.0.0] AndroidManifest.xml:26:13-72
79
80        <meta-data
80-->[com.google.android.gms:play-services-basement:17.0.0] AndroidManifest.xml:23:9-25:69
81            android:name="com.google.android.gms.version"
81-->[com.google.android.gms:play-services-basement:17.0.0] AndroidManifest.xml:24:13-58
82            android:value="@integer/google_play_services_version" />
82-->[com.google.android.gms:play-services-basement:17.0.0] AndroidManifest.xml:25:13-66
83    </application>
84
85</manifest>